Arguments: 
  /usr/local/bin/node /usr/local/Cellar/yarn/1.19.1/libexec/bin/yarn.js add ulkit

PATH: 
  /Users/brookekennison/.rbenv/bin:/Users/brookekennison/.rbenv/shims:/Library/Frameworks/Python.framework/Versions/3.7/bin:/usr/local/bin:/usr/bin:/bin:/usr/sbin:/sbin

Yarn version: 
  1.19.1

Node version: 
  12.10.0

Platform: 
  darwin x64

Trace: 
  Error: https://registry.yarnpkg.com/ulkit: Not found
      at Request.params.callback [as _callback] (/usr/local/Cellar/yarn/1.19.1/libexec/lib/cli.js:66926:18)
      at Request.self.callback (/usr/local/Cellar/yarn/1.19.1/libexec/lib/cli.js:140564:22)
      at Request.emit (events.js:209:13)
      at Request.<anonymous> (/usr/local/Cellar/yarn/1.19.1/libexec/lib/cli.js:141536:10)
      at Request.emit (events.js:209:13)
      at IncomingMessage.<anonymous> (/usr/local/Cellar/yarn/1.19.1/libexec/lib/cli.js:141458:12)
      at Object.onceWrapper (events.js:298:28)
      at IncomingMessage.emit (events.js:214:15)
      at endReadableNT (_stream_readable.js:1178:12)
      at processTicksAndRejections (internal/process/task_queues.js:80:21)

npm manifest: 
  {
    "name": "auto-overlay",
    "version": "1.0.0",
    "description": "",
    "main": "index.js",
    "scripts": {
      "start": "webpack-dev-server"
    },
    "babel": {
      "presets": [
        "@babel/preset-env",
        "@babel/preset-react"
      ],
      "plugins": [
        [
          "@babel/plugin-proposal-class-properties"
        ]
      ]
    },
    "keywords": [],
    "author": "Brooke Kennison",
    "license": "ISC",
    "dependencies": {
      "react": "^16.12.0",
      "react-dom": "^16.12.0"
    },
    "devDependencies": {
      "@babel/core": "^7.8.4",
      "@babel/plugin-proposal-class-properties": "^7.8.3",
      "@babel/preset-env": "^7.8.4",
      "@babel/preset-react": "^7.8.3",
      "babel-loader": "^8.0.6",
      "css-loader": "^3.4.2",
      "html-webpack-plugin": "^3.2.0",
      "style-loader": "^1.1.3",
      "webpack": "^4.41.5",
      "webpack-cli": "^3.3.10",
      "webpack-dev-server": "^3.10.3"
    }
  }

yarn manifest: 
  No manifest

Lockfile: 
  No lockfile
